#
# A fatal error has been detected by the Java Runtime Environment:
#
#  Internal Error (virtualspace.cpp:125), pid=5176, tid=1896
#  fatal error: os::release_memory failed
#
# JRE version:  (7.0_80-b15) (build )
# Java VM: Java HotSpot(TM) Client VM (24.80-b11 mixed mode windows-x86 )
# Failed to write core dump. Minidumps are not enabled by default on client versions of Windows
#
# If you would like to submit a bug report, please visit:
#   http://bugreport.java.com/bugreport/crash.jsp
#

---------------  T H R E A D  ---------------

Current thread (0x0063c400):  JavaThread "Unknown thread" [_thread_in_vm, id=1896, stack(0x009c0000,0x00a10000)]

Stack: [0x009c0000,0x00a10000],  sp=0x00a0f370,  free space=316k
Native frames: (J=compiled Java code, j=interpreted, Vv=VM code, C=native code)
V  [jvm.dll+0x192384]
V  [jvm.dll+0x18b9f6]
V  [jvm.dll+0x1678ec]
V  [jvm.dll+0x167dab]
V  [jvm.dll+0x8ad36]
V  [jvm.dll+0x88776]
V  [jvm.dll+0x8748e]
V  [jvm.dll+0x919d3]
V  [jvm.dll+0x141324]
V  [jvm.dll+0x163e1c]
V  [jvm.dll+0xcaaaf]
C  [jli.dll+0x12eb]
C  [jli.dll+0x1d5d]
C  [jli.dll+0xc0d2]
C  [jli.dll+0xc15c]
C  [kernel32.dll+0x51174]
C  [ntdll.dll+0x5b3f5]
C  [ntdll.dll+0x5b3c8]


---------------  P R O C E S S  ---------------

Java Threads: ( => current thread )

Other Threads:

=>0x0063c400 (exited) JavaThread "Unknown thread" [_thread_in_vm, id=1896, stack(0x009c0000,0x00a10000)]

VM state:not at safepoint (not fully initialized)

VM Mutex/Monitor currently owned by a thread: None

GC Heap History (0 events):
No events

Deoptimization events (0 events):
No events

Internal exceptions (0 events):
No events

Events (0 events):
No events


Dynamic libraries:
0x00aa0000 - 0x00aa6000 	C:\Program Files\Java\jdk1.7.0_80\bin\javac.exe
0x77bc0000 - 0x77cfc000 	C:\Windows\SYSTEM32\ntdll.dll
0x76230000 - 0x76304000 	C:\Windows\system32\kernel32.dll
0x75f60000 - 0x75faa000 	C:\Windows\system32\KERNELBASE.dll
0x6f4e0000 - 0x6f51c000 	C:\Program Files\AVAST Software\Avast\snxhk.dll
0x6ecc0000 - 0x6ece7000 	C:\Program Files\Java\jdk1.7.0_80\bin\jli.dll
0x77870000 - 0x77910000 	C:\Windows\system32\ADVAPI32.dll
0x77d40000 - 0x77dec000 	C:\Windows\system32\msvcrt.dll
0x76010000 - 0x76029000 	C:\Windows\SYSTEM32\sechost.dll
0x77910000 - 0x779b1000 	C:\Windows\system32\RPCRT4.dll
0x74ca0000 - 0x74e3e000 	C:\Windows\WinSxS\x86_microsoft.windows.common-controls_6595b64144ccf1df_6.0.7600.16385_none_421189da2b7fabfc\COMCTL32.dll
0x760e0000 - 0x7612e000 	C:\Windows\system32\GDI32.dll
0x76160000 - 0x76229000 	C:\Windows\system32\USER32.dll
0x77860000 - 0x7786a000 	C:\Windows\system32\LPK.dll
0x76040000 - 0x760dd000 	C:\Windows\system32\USP10.dll
0x764a0000 - 0x764f7000 	C:\Windows\system32\SHLWAPI.dll
0x62b40000 - 0x62bff000 	C:\Program Files\Java\jdk1.7.0_80\bin\MSVCR100.dll
0x76800000 - 0x7681f000 	C:\Windows\system32\IMM32.DLL
0x76830000 - 0x768fc000 	C:\Windows\system32\MSCTF.dll
0x69150000 - 0x6920f000 	C:\Program Files\Java\jdk1.7.0_80\jre\bin\msvcr100.dll
0x62c00000 - 0x62f8b000 	C:\Program Files\Java\jdk1.7.0_80\jre\bin\client\jvm.dll
0x71d40000 - 0x71d47000 	C:\Windows\system32\WSOCK32.dll
0x77d00000 - 0x77d35000 	C:\Windows\system32\WS2_32.dll
0x76030000 - 0x76036000 	C:\Windows\system32\NSI.dll
0x740a0000 - 0x740d2000 	C:\Windows\system32\WINMM.dll
0x76990000 - 0x76995000 	C:\Windows\system32\PSAPI.DLL
0x746c0000 - 0x746cc000 	C:\Program Files\Java\jdk1.7.0_80\jre\bin\verify.dll
0x73e60000 - 0x73e81000 	C:\Program Files\Java\jdk1.7.0_80\jre\bin\java.dll
0x73e40000 - 0x73e53000 	C:\Program Files\Java\jdk1.7.0_80\jre\bin\zip.dll
0x71c40000 - 0x71d2b000 	C:\Windows\system32\dbghelp.dll

VM Arguments:
jvm_args: -Dapplication.home=C:\Program Files\Java\jdk1.7.0_80 -Xms8m 
java_command: com.sun.tools.javac.Main -d E:\KULIAH\TINGKAT 2\SEMESTER 4\TUBES TARI\Tubes-Kelompok6-IF-38-01-\TourandTravel\build\classes -classpath E:\KULIAH\TINGKAT 2\SEMESTER 4\TUBES TARI\Tubes-Kelompok6-IF-38-01-\TourandTravel\build\classes -sourcepath E:\KULIAH\TINGKAT 2\SEMESTER 4\TUBES TARI\Tubes-Kelompok6-IF-38-01-\TourandTravel\src -target 1.7 -encoding UTF-8 -g -processorpath E:\KULIAH\TINGKAT 2\SEMESTER 4\TUBES TARI\Tubes-Kelompok6-IF-38-01-\TourandTravel\build\empty -s E:\KULIAH\TINGKAT 2\SEMESTER 4\TUBES TARI\Tubes-Kelompok6-IF-38-01-\TourandTravel\build\generated-sources\ap-source-output -source 1.7 E:\KULIAH\TINGKAT 2\SEMESTER 4\TUBES TARI\Tubes-Kelompok6-IF-38-01-\TourandTravel\src\tourandtravel\TempatWisata.java
Launcher Type: SUN_STANDARD

Environment Variables:
PATH=C:\oraclexe\app\oracle\product\10.2.0\server\bin;C:\ProgramData\Oracle\Java\javapath;C:\Windows\system32;C:\Windows;C:\Windows\System32\Wbem;C:\Windows\System32\WindowsPowerShell\v1.0\;C:\FPC\2.6.4\bin\i386-Win32;C:\Program Files\Java\jdk1.7.0_80\bin
USERNAME=Ferawidya
OS=Windows_NT
PROCESSOR_IDENTIFIER=x86 Family 6 Model 23 Stepping 10, GenuineIntel



---------------  S Y S T E M  ---------------

OS: Windows 7 Build 7600 

CPU:total 2 (2 cores per cpu, 1 threads per core) family 6 model 23 stepping 10, cmov, cx8, fxsr, mmx, sse, sse2, sse3, ssse3, tsc

Memory: 4k page, physical 975800k(49124k free), swap 3032620k(353000k free)

vm_info: Java HotSpot(TM) Client VM (24.80-b11) for windows-x86 JRE (1.7.0_80-b15), built on Apr 10 2015 13:33:35 by "java_re" with unknown MS VC++:1600

time: Thu Mar 10 16:40:59 2016
elapsed time: 6 seconds

